2020-07-19 23:45:45 INFO  GetLogger:20 - Test Environement : SIT
2020-07-19 23:45:45 INFO  GetLogger:66 - Base url is : https://rahulshettyacademy.com
2020-07-19 23:45:48 INFO  GetLogger:53 - httpMethod is: POST and infoUrl is: maps/api/place/add/json
2020-07-19 23:45:48 INFO  GetLogger:54 - AddPlaceAPI API Call Response : {"status":"OK","place_id":"65712dc9b45c33ff02360fa194fa3f68","scope":"APP","reference":"3f44fe68882c7b5ca9b77e8a8fdc77ba3f44fe68882c7b5ca9b77e8a8fdc77ba","id":"3f44fe68882c7b5ca9b77e8a8fdc77ba"}
2020-07-19 23:45:50 INFO  GetLogger:73 - placeId is : 65712dc9b45c33ff02360fa194fa3f68
2020-07-19 23:45:50 INFO  GetLogger:66 - Base url is : https://rahulshettyacademy.com
2020-07-19 23:45:50 INFO  GetLogger:53 - httpMethod is: POST and infoUrl is: maps/api/place/add/json
2020-07-19 23:45:50 INFO  GetLogger:54 - AddPlaceAPI API Call Response : {"status":"OK","place_id":"eca51446ddd1f93a7eb3fb078a54aa41","scope":"APP","reference":"6682bc4bf4d0900a2f81bbc0ff77617a6682bc4bf4d0900a2f81bbc0ff77617a","id":"6682bc4bf4d0900a2f81bbc0ff77617a"}
2020-07-19 23:45:50 INFO  GetLogger:73 - placeId is : eca51446ddd1f93a7eb3fb078a54aa41
2020-07-19 23:45:50 INFO  GetLogger:66 - Base url is : https://rahulshettyacademy.com
2020-07-19 23:45:50 INFO  GetLogger:53 - httpMethod is: POST and infoUrl is: maps/api/place/add/json
2020-07-19 23:45:50 INFO  GetLogger:54 - AddPlaceAPI API Call Response : {"status":"OK","place_id":"43b0ddd799527ddda4d4e05b486389cf","scope":"APP","reference":"c9b48d083fa0447c675355ac7c9e577fc9b48d083fa0447c675355ac7c9e577f","id":"c9b48d083fa0447c675355ac7c9e577f"}
2020-07-19 23:45:50 INFO  GetLogger:73 - placeId is : 43b0ddd799527ddda4d4e05b486389cf
2020-07-19 23:45:51 INFO  GetLogger:53 - httpMethod is: GET and infoUrl is: maps/api/place/get/json
2020-07-19 23:45:51 INFO  GetLogger:54 - GetPlaceAPI API Call Response : {"location":{"latitude":"-38.383494","longitude":"33.427362"},"accuracy":"50","name":"Frontline house","phone_number":"(+91) 983 893 3937","address":"India Get Scenario 1 SIT","types":"shoe park,shop","website":"http:\/\/google.com","language":"French-IN"}
2020-07-19 23:45:51 INFO  GetLogger:66 - Base url is : https://rahulshettyacademy.com
2020-07-19 23:45:51 INFO  GetLogger:53 - httpMethod is: POST and infoUrl is: maps/api/place/add/json
2020-07-19 23:45:51 INFO  GetLogger:54 - AddPlaceAPI API Call Response : {"status":"OK","place_id":"df6f0f4b597213c6d275ca58c834703b","scope":"APP","reference":"88e5618bce57450327c67da8ce8f79c288e5618bce57450327c67da8ce8f79c2","id":"88e5618bce57450327c67da8ce8f79c2"}
2020-07-19 23:45:51 INFO  GetLogger:73 - placeId is : df6f0f4b597213c6d275ca58c834703b
2020-07-19 23:45:51 INFO  GetLogger:53 - httpMethod is: PUT and infoUrl is: maps/api/place/update/json
2020-07-19 23:45:51 INFO  GetLogger:54 - UpdatePlaceAPI API Call Response : {"msg":"Address successfully updated"}
2020-07-19 23:45:57 INFO  GetLogger:22 - Report Generation Started.
2020-07-19 23:45:59 INFO  GetLogger:42 - Report Generation Done.
2020-07-19 23:47:01 INFO  GetLogger:20 - Test Environement : QA
2020-07-19 23:47:01 INFO  GetLogger:66 - Base url is : https://rahulshettyacademy.com
2020-07-19 23:47:05 INFO  GetLogger:53 - httpMethod is: POST and infoUrl is: maps/api/place/add/json
2020-07-19 23:47:05 INFO  GetLogger:54 - AddPlaceAPI API Call Response : {"status":"OK","place_id":"2fff6342f377cb31a33bba3ccaaafd7c","scope":"APP","reference":"4ef313c1f275fe2c4f8a67a0622a12084ef313c1f275fe2c4f8a67a0622a1208","id":"4ef313c1f275fe2c4f8a67a0622a1208"}
2020-07-19 23:47:06 INFO  GetLogger:73 - placeId is : 2fff6342f377cb31a33bba3ccaaafd7c
2020-07-19 23:47:06 INFO  GetLogger:66 - Base url is : https://rahulshettyacademy.com
2020-07-19 23:47:06 INFO  GetLogger:53 - httpMethod is: POST and infoUrl is: maps/api/place/add/json
2020-07-19 23:47:06 INFO  GetLogger:54 - AddPlaceAPI API Call Response : {"status":"OK","place_id":"769748d7c4a52e7402681f309a0006c0","scope":"APP","reference":"094ac8ea6ed98273c853ed2950d12b4f094ac8ea6ed98273c853ed2950d12b4f","id":"094ac8ea6ed98273c853ed2950d12b4f"}
2020-07-19 23:47:06 INFO  GetLogger:73 - placeId is : 769748d7c4a52e7402681f309a0006c0
2020-07-19 23:47:06 INFO  GetLogger:66 - Base url is : https://rahulshettyacademy.com
2020-07-19 23:47:07 INFO  GetLogger:53 - httpMethod is: POST and infoUrl is: maps/api/place/add/json
2020-07-19 23:47:07 INFO  GetLogger:54 - AddPlaceAPI API Call Response : {"status":"OK","place_id":"e9dfe93ff84f666cccefc4d0c5184995","scope":"APP","reference":"93132bfadead68fda3874ed3c35420dc93132bfadead68fda3874ed3c35420dc","id":"93132bfadead68fda3874ed3c35420dc"}
2020-07-19 23:47:07 INFO  GetLogger:73 - placeId is : e9dfe93ff84f666cccefc4d0c5184995
2020-07-19 23:47:07 INFO  GetLogger:53 - httpMethod is: GET and infoUrl is: maps/api/place/get/json
2020-07-19 23:47:07 INFO  GetLogger:54 - GetPlaceAPI API Call Response : {"location":{"latitude":"-38.383494","longitude":"33.427362"},"accuracy":"50","name":"Frontline house","phone_number":"(+91) 983 893 3937","address":"India Get Scenario 1 QA","types":"shoe park,shop","website":"http:\/\/google.com","language":"French-IN"}
2020-07-19 23:47:07 INFO  GetLogger:66 - Base url is : https://rahulshettyacademy.com
2020-07-19 23:47:07 INFO  GetLogger:53 - httpMethod is: POST and infoUrl is: maps/api/place/add/json
2020-07-19 23:47:07 INFO  GetLogger:54 - AddPlaceAPI API Call Response : {"status":"OK","place_id":"e0a8ed983b5c11f05d92e8c6cf13c163","scope":"APP","reference":"0905983ae0c8fc3888a5221228f207230905983ae0c8fc3888a5221228f20723","id":"0905983ae0c8fc3888a5221228f20723"}
2020-07-19 23:47:07 INFO  GetLogger:73 - placeId is : e0a8ed983b5c11f05d92e8c6cf13c163
2020-07-19 23:47:08 INFO  GetLogger:53 - httpMethod is: PUT and infoUrl is: maps/api/place/update/json
2020-07-19 23:47:08 INFO  GetLogger:54 - UpdatePlaceAPI API Call Response : {"msg":"Address successfully updated"}
2020-07-19 23:47:13 INFO  GetLogger:22 - Report Generation Started.
2020-07-19 23:47:15 INFO  GetLogger:42 - Report Generation Done.
